Warning: You are sending unauthenticated requests to the HF Hub. Please set a HF_TOKEN to enable higher rate limits and faster downloads.
Loading weights:   0%|          | 0/103 [00:00<?, ?it/s]Loading weights: 100%|██████████| 103/103 [00:00<00:00, 11736.62it/s]
[1mBertModel LOAD REPORT[0m from: sentence-transformers/all-MiniLM-L6-v2
Key                     | Status     |  | 
------------------------+------------+--+-
embeddings.position_ids | UNEXPECTED |  | 

[3mNotes:
- UNEXPECTED[3m	:can be ignored when loading from different task/architecture; not ok if you expect identical arch.[0m
Loading weights:   0%|          | 0/103 [00:00<?, ?it/s]Loading weights: 100%|██████████| 103/103 [00:00<00:00, 20649.74it/s]
[1mBertModel LOAD REPORT[0m from: sentence-transformers/all-MiniLM-L6-v2
Key                     | Status     |  | 
------------------------+------------+--+-
embeddings.position_ids | UNEXPECTED |  | 

[3mNotes:
- UNEXPECTED[3m	:can be ignored when loading from different task/architecture; not ok if you expect identical arch.[0m
INFO:     Started server process [29872]
INFO:     Waiting for application startup.
INFO:     Application startup complete.
INFO:     Uvicorn running on http://0.0.0.0:8000 (Press CTRL+C to quit)
INFO:     127.0.0.1:54888 - "GET / HTTP/1.1" 200 OK
Failed to load summarization model: "Unknown task summarization, available tasks are ['any-to-any', 'audio-classification', 'automatic-speech-recognition', 'depth-estimation', 'document-question-answering', 'feature-extraction', 'fill-mask', 'image-classification', 'image-feature-extraction', 'image-segmentation', 'image-text-to-text', 'keypoint-matching', 'mask-generation', 'ner', 'object-detection', 'sentiment-analysis', 'table-question-answering', 'text-classification', 'text-generation', 'text-to-audio', 'text-to-speech', 'token-classification', 'video-classification', 'zero-shot-audio-classification', 'zero-shot-classification', 'zero-shot-image-classification', 'zero-shot-object-detection']"
INFO:     127.0.0.1:54891 - "GET /v1/candidate/18/summarize HTTP/1.1" 200 OK
Failed to load summarization model: "Unknown task summarization, available tasks are ['any-to-any', 'audio-classification', 'automatic-speech-recognition', 'depth-estimation', 'document-question-answering', 'feature-extraction', 'fill-mask', 'image-classification', 'image-feature-extraction', 'image-segmentation', 'image-text-to-text', 'keypoint-matching', 'mask-generation', 'ner', 'object-detection', 'sentiment-analysis', 'table-question-answering', 'text-classification', 'text-generation', 'text-to-audio', 'text-to-speech', 'token-classification', 'video-classification', 'zero-shot-audio-classification', 'zero-shot-classification', 'zero-shot-image-classification', 'zero-shot-object-detection']"
INFO:     127.0.0.1:54894 - "GET /v1/recruiter/jobs/28/summarize HTTP/1.1" 200 OK
INFO:     Shutting down
INFO:     Waiting for application shutdown.
INFO:     Application shutdown complete.
INFO:     Finished server process [29872]
/opt/homebrew/Cellar/python@3.11/3.11.14_1/Frameworks/Python.framework/Versions/3.11/lib/python3.11/multiprocessing/resource_tracker.py:254: UserWarning: resource_tracker: There appear to be 1 leaked semaphore objects to clean up at shutdown
  warnings.warn('resource_tracker: There appear to be %d '
